#
# There is insufficient memory for the Java Runtime Environment to continue.
# Native memory allocation (mmap) failed to map 268435456 bytes for G1 virtual space
# Possible reasons:
#   The system is out of physical RAM or swap space
#   The process is running with CompressedOops enabled, and the Java Heap may be blocking the growth of the native heap
# Possible solutions:
#   Reduce memory load on the system
#   Increase physical memory or swap space
#   Check if swap backing store is full
#   Decrease Java heap size (-Xmx/-Xms)
#   Decrease number of Java threads
#   Decrease Java thread stack sizes (-Xss)
#   Set larger code cache with -XX:ReservedCodeCacheSize=
#   JVM is running with Zero Based Compressed Oops mode in which the Java heap is
#     placed in the first 32GB address space. The Java Heap base address is the
#     maximum limit for the native heap growth. Please use -XX:HeapBaseMinAddress
#     to set the Java Heap base and to place the Java Heap above 32GB virtual address.
# This output file may be truncated or incomplete.
#
#  Out of Memory Error (./open/src/hotspot/os/windows/os_windows.cpp:3472), pid=26584, tid=15136
#
# JRE version:  (15.0+36) (build )
# Java VM: Java HotSpot(TM) 64-Bit Server VM (15+36-1562, mixed mode, sharing, tiered, compressed oops, g1 gc, windows-amd64)
# No core dump will be written. Minidumps are not enabled by default on client versions of Windows
#

---------------  S U M M A R Y ------------

Command Line: -Dfile.encoding=UTF-8 -agentlib:jdwp=transport=dt_shmem,address=javadebug coursework.Coursework

Host: Intel(R) Core(TM) i5-7300HQ CPU @ 2.50GHz, 4 cores, 15G,  Windows 10 , 64 bit Build 19041 (10.0.19041.928)
Time: Tue Apr 27 21:30:53 2021 GMT Daylight Time elapsed time: 0.089448 seconds (0d 0h 0m 0s)

---------------  T H R E A D  ---------------

Current thread (0x0000026a7be8a650):  JavaThread "Unknown thread" [_thread_in_vm, id=15136, stack(0x000000eea5000000,0x000000eea5100000)]

Stack: [0x000000eea5000000,0x000000eea5100000]
Native frames: (J=compiled Java code, j=interpreted, Vv=VM code, C=native code)
V  [jvm.dll+0x629eaa]
V  [jvm.dll+0x780379]
V  [jvm.dll+0x781ad3]
V  [jvm.dll+0x782133]
V  [jvm.dll+0x2159d5]
V  [jvm.dll+0x627299]
V  [jvm.dll+0x61bdd5]
V  [jvm.dll+0x2cf96d]
V  [jvm.dll+0x2cf7d2]
V  [jvm.dll+0x2d57ac]
V  [jvm.dll+0x32523a]
V  [jvm.dll+0x324904]
V  [jvm.dll+0x2a68ea]
V  [jvm.dll+0x2a7a88]
V  [jvm.dll+0x75d0f1]
V  [jvm.dll+0x333af4]
V  [jvm.dll+0x73d816]
V  [jvm.dll+0x3b68e7]
V  [jvm.dll+0x3b8371]
C  [jli.dll+0x52fb]
C  [ucrtbase.dll+0x21bb2]
C  [KERNEL32.DLL+0x17034]
C  [ntdll.dll+0x52651]


---------------  P R O C E S S  ---------------

Threads class SMR info:
_java_thread_list=0x00007ff9dadb2fa0, length=0, elements={
}

Java Threads: ( => current thread )

Other Threads:
  0x0000026a7bed72a0 GCTaskThread "GC Thread#0" [stack: 0x000000eea5200000,0x000000eea5300000] [id=15272]
  0x0000026a7bee9360 ConcurrentGCThread "G1 Main Marker" [stack: 0x000000eea5300000,0x000000eea5400000] [id=13296]
  0x0000026a7bee9ee0 ConcurrentGCThread "G1 Conc#0" [stack: 0x000000eea5400000,0x000000eea5500000] [id=6444]

[error occurred during error reporting (printing all threads), id 0xc0000005, EXCEPTION_ACCESS_VIOLATION (0xc0000005) at pc=0x00007ff9da5a77b7]

VM state: not at safepoint (not fully initialized)

VM Mutex/Monitor currently owned by a thread:  ([mutex/lock_event])
[0x0000026a7be89a20] Heap_lock - owner thread: 0x0000026a7be8a650

Heap address: 0x0000000701200000, size: 4078 MB, Compressed Oops mode: Zero based, Oop shift amount: 3
CDS archive(s) mapped at: [0x0000000000000000-0x0000000000000000-0x0000000000000000), size 0, SharedBaseAddress: 0x0000000800000000, ArchiveRelocationMode: 0.
Narrow klass base: 0x0000000000000000, Narrow klass shift: 0, Narrow klass range: 0x0

Heap:
 garbage-first heap   total 262144K, used 0K [0x0000000701200000, 0x0000000800000000)
  region size 2048K, 0 young (0K), 0 survivors (0K)
 Metaspace       used 0K, capacity 0K, committed 0K, reserved 0K
  class space    used 0K, capacity 0K, committed 0K, reserved 0K

Heap Regions: E=young(eden), S=young(survivor), O=old, HS=humongous(starts), HC=humongous(continues), CS=collection set, F=free, OA=open archive, CA=closed archive, TAMS=top-at-mark-start (previous, next)

Card table byte_map: [0x0000026a7c760000,0x0000026a7cf60000] _byte_map_base: 0x0000026a78f57000

Marking Bits (Prev, Next): (CMBitMap*) 0x0000026a7bed8a30, (CMBitMap*) 0x0000026a7bed8a70
 Prev Bits: [0x0000026a17160000, 0x0000026a1b118000)
 Next Bits: [0x0000026a1b120000, 0x0000026a1f0d8000)

GC Heap History (0 events):
No events

Deoptimization events (0 events):
No events

Classes unloaded (0 events):
No events

Classes redefined (0 events):
No events

Internal exceptions (0 events):
No events

Events (1 events):
Event: 0.042 Loaded shared library Z:\Programs\Java\jdk-15\bin\java.dll


Dynamic libraries:
0x00007ff601590000 - 0x00007ff60159f000 	Z:\Programs\Java\jdk-15\bin\java.exe
0x00007ffa307d0000 - 0x00007ffa309c5000 	C:\WINDOWS\SYSTEM32\ntdll.dll
0x00007ffa2ef00000 - 0x00007ffa2efbd000 	C:\WINDOWS\System32\KERNEL32.DLL
0x00007ffa2e3a0000 - 0x00007ffa2e668000 	C:\WINDOWS\System32\KERNELBASE.dll
0x00007ffa2e0c0000 - 0x00007ffa2e1c0000 	C:\WINDOWS\System32\ucrtbase.dll
0x00007ffa21350000 - 0x00007ffa21368000 	Z:\Programs\Java\jdk-15\bin\jli.dll
0x00007ffa2f210000 - 0x00007ffa2f2bc000 	C:\WINDOWS\System32\ADVAPI32.dll
0x00007ffa2eb00000 - 0x00007ffa2eb9e000 	C:\WINDOWS\System32\msvcrt.dll
0x00007ffa2efc0000 - 0x00007ffa2f05b000 	C:\WINDOWS\System32\sechost.dll
0x00007ffa2f700000 - 0x00007ffa2f82b000 	C:\WINDOWS\System32\RPCRT4.dll
0x00007ffa2e960000 - 0x00007ffa2eb00000 	C:\WINDOWS\System32\USER32.dll
0x00007ffa2e1c0000 - 0x00007ffa2e1e2000 	C:\WINDOWS\System32\win32u.dll
0x00007ffa30110000 - 0x00007ffa3013a000 	C:\WINDOWS\System32\GDI32.dll
0x00007ffa2e720000 - 0x00007ffa2e82b000 	C:\WINDOWS\System32\gdi32full.dll
0x00007ffa2df10000 - 0x00007ffa2dfad000 	C:\WINDOWS\System32\msvcp_win.dll
0x00007ffa1e120000 - 0x00007ffa1e139000 	Z:\Programs\Java\jdk-15\bin\VCRUNTIME140.dll
0x00007ffa1cc50000 - 0x00007ffa1ceea000 	C:\WINDOWS\WinSxS\amd64_microsoft.windows.common-controls_6595b64144ccf1df_6.0.19041.844_none_ca00b6081b84eb1d\COMCTL32.dll
0x00007ffa25e00000 - 0x00007ffa25e0a000 	C:\WINDOWS\SYSTEM32\VERSION.dll
0x00007ffa302f0000 - 0x00007ffa30320000 	C:\WINDOWS\System32\IMM32.DLL
0x00007ffa21220000 - 0x00007ffa2122c000 	Z:\Programs\Java\jdk-15\bin\vcruntime140_1.dll
0x00007ff9f8f40000 - 0x00007ff9f8fd1000 	Z:\Programs\Java\jdk-15\bin\msvcp140.dll
0x00007ff9da2f0000 - 0x00007ff9dae4c000 	Z:\Programs\Java\jdk-15\bin\server\jvm.dll
0x00007ffa2e830000 - 0x00007ffa2e838000 	C:\WINDOWS\System32\PSAPI.DLL
0x00007ffa0d270000 - 0x00007ffa0d279000 	C:\WINDOWS\SYSTEM32\WSOCK32.dll
0x00007ffa2f1a0000 - 0x00007ffa2f20b000 	C:\WINDOWS\System32\WS2_32.dll
0x00007ffa1f190000 - 0x00007ffa1f1b7000 	C:\WINDOWS\SYSTEM32\WINMM.dll
0x00007ffa2be50000 - 0x00007ffa2be62000 	C:\WINDOWS\SYSTEM32\kernel.appcore.dll
0x00007ffa20b80000 - 0x00007ffa20b8a000 	Z:\Programs\Java\jdk-15\bin\jimage.dll
0x00007ffa0cb10000 - 0x00007ffa0ccf4000 	C:\WINDOWS\SYSTEM32\DBGHELP.DLL
0x00007ffa0cae0000 - 0x00007ffa0cb0c000 	C:\WINDOWS\SYSTEM32\dbgcore.DLL
0x00007ffa2e040000 - 0x00007ffa2e0c0000 	C:\WINDOWS\System32\bcryptPrimitives.dll
0x00007ffa1fad0000 - 0x00007ffa1fb09000 	Z:\Programs\Java\jdk-15\bin\jdwp.dll
0x00007ffa1a4c0000 - 0x00007ffa1a4e5000 	Z:\Programs\Java\jdk-15\bin\java.dll

dbghelp: loaded successfully - version: 4.0.5 - missing functions: none
symbol engine: initialized successfully - sym options: 0x614 - pdb path: .;Z:\Programs\Java\jdk-15\bin;C:\WINDOWS\SYSTEM32;C:\WINDOWS\WinSxS\amd64_microsoft.windows.common-controls_6595b64144ccf1df_6.0.19041.844_none_ca00b6081b84eb1d;Z:\Programs\Java\jdk-15\bin\server

VM Arguments:
jvm_args: -Dfile.encoding=UTF-8 -agentlib:jdwp=transport=dt_shmem,address=javadebug 
java_command: coursework.Coursework
java_class_path (initial): Z:\Projects\NetBeansProjects\Coursework\build\classes
Launcher Type: SUN_STANDARD

[Global flags]
     intx CICompilerCount                          = 3                                         {product} {ergonomic}
     uint ConcGCThreads                            = 1                                         {product} {ergonomic}
     uint G1ConcRefinementThreads                  = 4                                         {product} {ergonomic}
   size_t G1HeapRegionSize                         = 2097152                                   {product} {ergonomic}
    uintx GCDrainStackTargetSize                   = 64                                        {product} {ergonomic}
   size_t InitialHeapSize                          = 268435456                                 {product} {ergonomic}
   size_t MarkStackSize                            = 4194304                                   {product} {ergonomic}
   size_t MaxHeapSize                              = 4276092928                                {product} {ergonomic}
   size_t MinHeapDeltaBytes                        = 2097152                                   {product} {ergonomic}
   size_t MinHeapSize                              = 8388608                                   {product} {ergonomic}
    uintx NonNMethodCodeHeapSize                   = 5832780                                {pd product} {ergonomic}
    uintx NonProfiledCodeHeapSize                  = 122912730                              {pd product} {ergonomic}
    uintx ProfiledCodeHeapSize                     = 122912730                              {pd product} {ergonomic}
    uintx ReservedCodeCacheSize                    = 251658240                              {pd product} {ergonomic}
     bool SegmentedCodeCache                       = true                                      {product} {ergonomic}
   size_t SoftMaxHeapSize                          = 4276092928                             {manageable} {ergonomic}
     bool UseCompressedClassPointers               = true                                 {lp64_product} {ergonomic}
     bool UseCompressedOops                        = true                                 {lp64_product} {ergonomic}
     bool UseG1GC                                  = true                                      {product} {ergonomic}
     bool UseLargePagesIndividualAllocation        = false                                  {pd product} {ergonomic}

Logging:
Log output configuration:
 #0: stdout all=warning uptime,level,tags
 #1: stderr all=off uptime,level,tags

Environment Variables:
PATH=C:\Program Files\Common Files\Oracle\Java\javapath;Z:\Programs\VMware\VMware Workstation\bin\;C:\Program Files (x86)\Razer Chroma SDK\bin;C:\Program Files\Razer Chroma SDK\bin;C:\Program Files (x86)\Razer\ChromaBroadcast\bin;C:\Program Files\Razer\ChromaBroadcast\bin;C:\Program Files (x86)\Common Files\Intel\Shared Libraries\redist\intel64\compiler;C:\Program Files (x86)\Common Files\Oracle\Java\javapath;C:\ProgramData\Oracle\Java\javapath;C:\Windows\system32;C:\Windows;C:\Windows\System32\Wbem;C:\Windows\System32\WindowsPowerShell\v1.0\;C:\Windows\System32\OpenSSH\;C:\Program Files (x86)\NVIDIA Corporation\PhysX\Common;C:\Program Files\Microsoft SQL Server\Client SDK\ODBC\130\Tools\Binn\;C:\Program Files (x86)\Microsoft SQL Server\140\Tools\Binn\;C:\Program Files\Microsoft SQL Server\140\Tools\Binn\;C:\Program Files\Microsoft SQL Server\140\DTS\Binn\;C:\Program Files (x86)\Microsoft SQL Server\Client SDK\ODBC\130\Tools\Binn\;C:\Program Files (x86)\Microsoft SQL Server\140\DTS\Binn\;C:\Program Files (x86)\Microsoft SQL Server\140\Tools\Binn\ManagementStudio\;C:\Program Files\dotnet\;C:\Program Files\Microsoft SQL Server\130\Tools\Binn\;Z:\Programs\Git\cmd;Z:\Programs\Git\mingw64\bin;Z:\Programs\Git\usr\bin;C:\WINDOWS\system32;C:\WINDOWS;C:\WINDOWS\System32\Wbem;C:\WINDOWS\System32\WindowsPowerShell\v1.0\;C:\WINDOWS\System32\OpenSSH\;C:\Program Files\NVIDIA Corporation\NVIDIA NvDLISR;C:\Users\TimbolaPrincipe\AppData\Local\Microsoft\WindowsApps;C:\Users\TimbolaPrincipe\AppData\Local\GitHubDesktop\bin;Z:\Programs\Microsoft VS Code\bin;C:\Windows\system32\config\systemprofile\AppData\Local\Microsoft\WindowsApps;C:\Program Files\Microsoft SQL Server\Client SDK\ODBC\170\Tools\Binn\;Z:\Programs\PuTTY\;C:\WINDOWS\system32;C:\WINDOWS;C:\WINDOWS\System32\Wbem;C:\WINDOWS\System32\WindowsPowerShell\v1.0\;C:\WINDOWS\System32\OpenSSH\;C:\Program Files\Intel\WiFi\bin\;C:\Program Files\Common Files\Intel\WirelessCommon\;Z:\Programs\Python\Python3.8.2\Scripts\;Z:\Programs\Python\P
USERNAME=TimbolaPrincipe
OS=Windows_NT
PROCESSOR_IDENTIFIER=Intel64 Family 6 Model 158 Stepping 9, GenuineIntel



---------------  S Y S T E M  ---------------

OS:
 Windows 10 , 64 bit Build 19041 (10.0.19041.928)
OS uptime: 4 days 23:27 hours

CPU: total 4 (initial active 4) (4 cores per cpu, 1 threads per core) family 6 model 158 stepping 9, cmov, cx8, fxsr, mmx, sse, sse2, sse3, ssse3, sse4.1, sse4.2, popcnt, vzeroupper, avx, avx2, aes, clmul, erms, 3dnowpref, lzcnt, tsc, tscinvbit, bmi1, bmi2, adx, fma, clflush, clflushopt

Memory: 4k page, system-wide physical 16304M (8093M free)
TotalPageFile size 41162M (AvailPageFile size 73M)
current process WorkingSet (physical memory assigned to process): 10M, peak: 10M
current process commit charge ("private bytes"): 52M, peak: 307M

vm_info: Java HotSpot(TM) 64-Bit Server VM (15+36-1562) for windows-amd64 JRE (15+36-1562), built on Aug 11 2020 22:38:02 by "mach5one" with unknown MS VC++:1925

END.
